2022-05-30 17:46:41,947 [main] WARN  o.s.b.c.config.ConfigDataEnvironment               - Property 'spring.profiles' imported from location 'class path resource [bootstrap.yml]' is invalid and should be replaced with 'spring.config.activate.on-profile' [origin: class path resource [bootstrap.yml] - 50:13]
2022-05-30 17:46:41,949 [main] WARN  o.s.b.c.config.ConfigDataEnvironment               - Property 'spring.profiles' imported from location 'class path resource [bootstrap.yml]' is invalid and should be replaced with 'spring.config.activate.on-profile' [origin: class path resource [bootstrap.yml] - 31:13]
2022-05-30 17:46:41,949 [main] WARN  o.s.b.c.config.ConfigDataEnvironment               - Property 'spring.profiles' imported from location 'class path resource [bootstrap.yml]' is invalid and should be replaced with 'spring.config.activate.on-profile' [origin: class path resource [bootstrap.yml] - 11:13]
2022-05-30 17:46:42,533 [main] INFO  o.s.c.c.c.ConfigServicePropertySourceLocator       - Fetching config from server at : http://localhost:8888
2022-05-30 17:46:43,625 [main] INFO  o.s.c.c.c.ConfigServicePropertySourceLocator       - Located environment: name=1invest-notification, profiles=[dev], label=null, version=1f2783906945c8e4015669db5e86af0f267e0960, state=null
2022-05-30 17:46:43,626 [main] INFO  o.s.c.b.c.PropertySourceBootstrapConfiguration     - Located property source: [BootstrapPropertySource {name='bootstrapProperties-configClient'}, BootstrapPropertySource {name='bootstrapProperties-https://github.com/nhutpm90/1invest-config-repo.git/file:C:\Users\iLogic\AppData\Local\Temp\config-repo-2372710965687247696\1invest-notification-dev.properties'}]
2022-05-30 17:46:43,637 [main] INFO  c.i.m.notification.Application                     - The following 1 profile is active: "dev"
2022-05-30 17:46:43,646 [main] WARN  o.s.b.c.config.ConfigDataEnvironment               - Property 'spring.profiles' is invalid and should be replaced with 'spring.config.activate.on-profile' [origin: class path resource [bootstrap.yml] - 11:13]
2022-05-30 17:46:43,646 [main] WARN  o.s.b.c.config.ConfigDataEnvironment               - Property 'spring.profiles' imported from location 'class path resource [application.yml]' is invalid and should be replaced with 'spring.config.activate.on-profile' [origin: class path resource [application.yml] - 20:13]
2022-05-30 17:46:43,646 [main] WARN  o.s.b.c.config.ConfigDataEnvironment               - Property 'spring.profiles' imported from location 'class path resource [application.yml]' is invalid and should be replaced with 'spring.config.activate.on-profile' [origin: class path resource [application.yml] - 15:13]
2022-05-30 17:46:43,646 [main] WARN  o.s.b.c.config.ConfigDataEnvironment               - Property 'spring.profiles' imported from location 'class path resource [application.yml]' is invalid and should be replaced with 'spring.config.activate.on-profile' [origin: class path resource [application.yml] - 10:13]
2022-05-30 17:46:44,006 [main] INFO  o.s.cloud.context.scope.GenericScope               - BeanFactory id=8b92adf3-2a4a-3099-9222-cf0e06e458e4
2022-05-30 17:46:44,169 [main] INFO  o.s.b.w.embedded.tomcat.TomcatWebServer            - Tomcat initialized with port(s): 8762 (http)
2022-05-30 17:46:44,175 [main] INFO  o.apache.coyote.http11.Http11NioProtocol           - Initializing ProtocolHandler ["http-nio-8762"]
2022-05-30 17:46:44,175 [main] INFO  org.apache.catalina.core.StandardService           - Starting service [Tomcat]
2022-05-30 17:46:44,175 [main] INFO  org.apache.catalina.core.StandardEngine            - Starting Servlet engine: [Apache Tomcat/9.0.63]
2022-05-30 17:46:44,304 [main] INFO  o.a.c.c.C.[Tomcat].[localhost].[/]                 - Initializing Spring embedded WebApplicationContext
2022-05-30 17:46:44,304 [main] INFO  o.s.b.w.s.c.ServletWebServerApplicationContext     - Root WebApplicationContext: initialization completed in 658 ms
2022-05-30 17:46:44,986 [main] INFO  o.s.c.n.e.c.DiscoveryClientOptionalArgsConfiguration - Eureka HTTP Client uses RestTemplate.
2022-05-30 17:46:45,400 [main] WARN  o.s.c.l.c.LoadBalancerCacheAutoConfiguration$LoadBalancerCaffeineWarnLogger - Spring Cloud LoadBalancer is currently working with the default cache. While this cache implementation is useful for development and tests, it's recommended to use Caffeine cache in production.You can switch to using Caffeine cache, by adding it and org.springframework.cache.caffeine.CaffeineCacheManager to the classpath.
2022-05-30 17:46:45,415 [main] INFO  o.s.c.netflix.eureka.InstanceInfoFactory           - Setting initial instance status as: STARTING
2022-05-30 17:46:45,437 [main] INFO  com.netflix.discovery.DiscoveryClient              - Initializing Eureka in region us-east-1
2022-05-30 17:46:45,441 [main] INFO  c.n.d.s.r.aws.ConfigClusterResolver                - Resolving eureka endpoints via configuration
2022-05-30 17:46:45,454 [main] INFO  com.netflix.discovery.DiscoveryClient              - Disable delta property : false
2022-05-30 17:46:45,454 [main] INFO  com.netflix.discovery.DiscoveryClient              - Single vip registry refresh property : null
2022-05-30 17:46:45,454 [main] INFO  com.netflix.discovery.DiscoveryClient              - Force full registry fetch : false
2022-05-30 17:46:45,454 [main] INFO  com.netflix.discovery.DiscoveryClient              - Application is null : false
2022-05-30 17:46:45,454 [main] INFO  com.netflix.discovery.DiscoveryClient              - Registered Applications size is zero : true
2022-05-30 17:46:45,455 [main] INFO  com.netflix.discovery.DiscoveryClient              - Application version is -1: true
2022-05-30 17:46:45,455 [main] INFO  com.netflix.discovery.DiscoveryClient              - Getting all instance registry info from the eureka server
2022-05-30 17:46:45,855 [main] INFO  com.netflix.discovery.DiscoveryClient              - The response status is 200
2022-05-30 17:46:45,857 [main] INFO  com.netflix.discovery.DiscoveryClient              - Starting heartbeat executor: renew interval is: 30
2022-05-30 17:46:45,859 [main] INFO  c.n.discovery.InstanceInfoReplicator               - InstanceInfoReplicator onDemand update allowed rate per min is 4
2022-05-30 17:46:45,863 [main] INFO  com.netflix.discovery.DiscoveryClient              - Discovery Client initialized at timestamp 1653907605862 with initial instances count: 1
2022-05-30 17:46:45,864 [main] INFO  o.s.c.n.e.s.EurekaServiceRegistry                  - Registering application 1INVEST-NOTIFICATION with eureka with status UP
2022-05-30 17:46:45,864 [main] INFO  com.netflix.discovery.DiscoveryClient              - Saw local status change event StatusChangeEvent [timestamp=1653907605864, current=UP, previous=STARTING]
2022-05-30 17:46:45,865 [DiscoveryClient-InstanceInfoReplicator-0] INFO  com.netflix.discovery.DiscoveryClient              - DiscoveryClient_1INVEST-NOTIFICATION/DESKTOP-LI12MVA:1invest-notification:8762: registering service...
2022-05-30 17:46:45,866 [main] INFO  o.apache.coyote.http11.Http11NioProtocol           - Starting ProtocolHandler ["http-nio-8762"]
2022-05-30 17:46:45,882 [main] INFO  o.s.b.w.embedded.tomcat.TomcatWebServer            - Tomcat started on port(s): 8762 (http) with context path ''
2022-05-30 17:46:45,883 [main] INFO  o.s.c.n.e.s.EurekaAutoServiceRegistration          - Updating port to 8762
2022-05-30 17:46:45,904 [DiscoveryClient-InstanceInfoReplicator-0] INFO  com.netflix.discovery.DiscoveryClient              - DiscoveryClient_1INVEST-NOTIFICATION/DESKTOP-LI12MVA:1invest-notification:8762 - registration status: 204
2022-05-30 17:46:46,233 [main] INFO  c.i.m.notification.Application                     - Started Application in 4.961 seconds (JVM running for 5.757)
2022-05-30 17:51:45,465 [AsyncResolver-bootstrap-executor-0] INFO  c.n.d.s.r.aws.ConfigClusterResolver                - Resolving eureka endpoints via configuration
2022-05-30 17:56:06,605 [RMI TCP Connection(2)-127.0.0.1] INFO  o.s.b.a.SpringApplicationAdminMXBeanRegistrar$SpringApplicationAdmin - Application shutdown requested.
2022-05-30 17:56:06,607 [RMI TCP Connection(2)-127.0.0.1] INFO  o.s.c.n.e.s.EurekaServiceRegistry                  - Unregistering application 1INVEST-NOTIFICATION with eureka with status DOWN
2022-05-30 17:56:06,609 [RMI TCP Connection(2)-127.0.0.1] INFO  com.netflix.discovery.DiscoveryClient              - Saw local status change event StatusChangeEvent [timestamp=1653908166609, current=DOWN, previous=UP]
2022-05-30 17:56:06,609 [DiscoveryClient-InstanceInfoReplicator-0] INFO  com.netflix.discovery.DiscoveryClient              - DiscoveryClient_1INVEST-NOTIFICATION/DESKTOP-LI12MVA:1invest-notification:8762: registering service...
2022-05-30 17:56:06,623 [DiscoveryClient-InstanceInfoReplicator-0] INFO  com.netflix.discovery.DiscoveryClient              - DiscoveryClient_1INVEST-NOTIFICATION/DESKTOP-LI12MVA:1invest-notification:8762 - registration status: 204
2022-05-30 17:56:06,829 [RMI TCP Connection(2)-127.0.0.1] INFO  o.apache.coyote.http11.Http11NioProtocol           - Pausing ProtocolHandler ["http-nio-8762"]
2022-05-30 17:56:06,829 [RMI TCP Connection(2)-127.0.0.1] INFO  org.apache.catalina.core.StandardService           - Stopping service [Tomcat]
2022-05-30 17:56:06,837 [RMI TCP Connection(2)-127.0.0.1] INFO  o.apache.coyote.http11.Http11NioProtocol           - Stopping ProtocolHandler ["http-nio-8762"]
2022-05-30 17:56:06,842 [RMI TCP Connection(2)-127.0.0.1] INFO  o.apache.coyote.http11.Http11NioProtocol           - Destroying ProtocolHandler ["http-nio-8762"]
2022-05-30 17:56:06,845 [RMI TCP Connection(2)-127.0.0.1] INFO  com.netflix.discovery.DiscoveryClient              - Shutting down DiscoveryClient ...
